<?xml version="1.0" encoding="UTF-8"?>
<testsuite name="com.mo.exercise.graph.ReadDataTest" tests="3" skipped="0" failures="0" errors="0" timestamp="2022-02-01T09:32:41" hostname="LAPTOP-C22KQ5PB" time="0.039">
  <properties/>
  <testcase name="testGetRelationShipCount" classname="com.mo.exercise.graph.ReadDataTest" time="0.03"/>
  <testcase name="testGetAllPerson" classname="com.mo.exercise.graph.ReadDataTest" time="0.001"/>
  <testcase name="testGetExtendedFamilyCount" classname="com.mo.exercise.graph.ReadDataTest" time="0.007"/>
  <system-out><![CDATA[]]></system-out>
  <system-err><![CDATA[]]></system-err>
</testsuite>
