<?xml version="1.0" encoding="UTF-8"?>
<testsuite name="com.mo.exercise.graph.ReadDataTest" tests="3" skipped="0" failures="0" errors="0" timestamp="2022-01-28T09:26:19" hostname="LAPTOP-C22KQ5PB" time="0.015">
  <properties/>
  <testcase name="testGetRelationShipCount" classname="com.mo.exercise.graph.ReadDataTest" time="0.011"/>
  <testcase name="testGetAllPerson" classname="com.mo.exercise.graph.ReadDataTest" time="0.0"/>
  <testcase name="testGetExtendedFamilyCount" classname="com.mo.exercise.graph.ReadDataTest" time="0.003"/>
  <system-out><![CDATA[]]></system-out>
  <system-err><![CDATA[]]></system-err>
</testsuite>
