<?xml version="1.0" encoding="UTF-8"?>
<testsuite name="com.mo.exercise.graph.ReadDataTest" tests="3" skipped="0" failures="0" errors="0" timestamp="2022-01-31T07:39:38" hostname="LAPTOP-C22KQ5PB" time="0.022">
  <properties/>
  <testcase name="testGetRelationShipCount" classname="com.mo.exercise.graph.ReadDataTest" time="0.017"/>
  <testcase name="testGetAllPerson" classname="com.mo.exercise.graph.ReadDataTest" time="0.0"/>
  <testcase name="testGetExtendedFamilyCount" classname="com.mo.exercise.graph.ReadDataTest" time="0.004"/>
  <system-out><![CDATA[]]></system-out>
  <system-err><![CDATA[]]></system-err>
</testsuite>
